# JRE version: Java(TM) SE Runtime Environment (8.0_451) (build 1.8.0_451-b10)
# Java VM: Java HotSpot(TM) 64-Bit Server VM (25.451-b10 mixed mode windows-amd64 compressed oops)
Heap:
 PSYoungGen      total 325120K, used 178995K [0x00000000d5580000, 0x00000000ec780000, 0x0000000100000000)
  eden space 307712K, 58% used [0x00000000d5580000,0x00000000e044cd10,0x00000000e8200000)
  from space 17408K, 0% used [0x00000000e8200000,0x00000000e8200000,0x00000000e9300000)
  to   space 16384K, 0% used [0x00000000e9300000,0x00000000e9300000,0x00000000ea300000)
 ParOldGen       total 337920K, used 36508K [0x0000000080000000, 0x0000000094a00000, 0x00000000d5580000)
  object space 337920K, 10% used [0x0000000080000000,0x00000000823a7208,0x0000000094a00000)
 Metaspace       used 58631K, capacity 63380K, committed 63616K, reserved 1103872K
  class space    used 8436K, capacity 9262K, committed 9344K, reserved 1048576K
GC Heap History (10 events):
Event: 3.771 GC heap before
{Heap before GC invocations=6 (full 1):
 PSYoungGen      total 211456K, used 167040K [0x00000000d5580000, 0x00000000e7400000, 0x0000000100000000)
  eden space 202752K, 78% used [0x00000000d5580000,0x00000000df06b408,0x00000000e1b80000)
  from space 8704K, 96% used [0x00000000e6b80000,0x00000000e73b4ec0,0x00000000e7400000)
  to   space 21504K, 0% used [0x00000000e4a00000,0x00000000e4a00000,0x00000000e5f00000)
 ParOldGen       total 208384K, used 12773K [0x0000000080000000, 0x000000008cb80000, 0x00000000d5580000)
  object space 208384K, 6% used [0x0000000080000000,0x0000000080c79408,0x000000008cb80000)
 Metaspace       used 33310K, capacity 35422K, committed 35496K, reserved 1079296K
  class space    used 4892K, capacity 5314K, committed 5376K, reserved 1048576K
Event: 3.779 GC heap after
Heap after GC invocations=6 (full 1):
 PSYoungGen      total 271872K, used 14171K [0x00000000d5580000, 0x00000000ea300000, 0x0000000100000000)
  eden space 250368K, 0% used [0x00000000d5580000,0x00000000d5580000,0x00000000e4a00000)
  from space 21504K, 65% used [0x00000000e4a00000,0x00000000e57d6d60,0x00000000e5f00000)
  to   space 16384K, 0% used [0x00000000e9300000,0x00000000e9300000,0x00000000ea300000)
 ParOldGen       total 208384K, used 12781K [0x0000000080000000, 0x000000008cb80000, 0x00000000d5580000)
  object space 208384K, 6% used [0x0000000080000000,0x0000000080c7b408,0x000000008cb80000)
 Metaspace       used 33310K, capacity 35422K, committed 35496K, reserved 1079296K
  class space    used 4892K, capacity 5314K, committed 5376K, reserved 1048576K
}
Event: 3.779 GC heap before
{Heap before GC invocations=7 (full 2):
 PSYoungGen      total 271872K, used 14171K [0x00000000d5580000, 0x00000000ea300000, 0x0000000100000000)
  eden space 250368K, 0% used [0x00000000d5580000,0x00000000d5580000,0x00000000e4a00000)
  from space 21504K, 65% used [0x00000000e4a00000,0x00000000e57d6d60,0x00000000e5f00000)
  to   space 16384K, 0% used [0x00000000e9300000,0x00000000e9300000,0x00000000ea300000)
 ParOldGen       total 208384K, used 12781K [0x0000000080000000, 0x000000008cb80000, 0x00000000d5580000)
  object space 208384K, 6% used [0x0000000080000000,0x0000000080c7b408,0x000000008cb80000)
 Metaspace       used 33310K, capacity 35422K, committed 35496K, reserved 1079296K
  class space    used 4892K, capacity 5314K, committed 5376K, reserved 1048576K
Event: 3.812 GC heap after
Heap after GC invocations=7 (full 2):
 PSYoungGen      total 271872K, used 0K [0x00000000d5580000, 0x00000000ea300000, 0x0000000100000000)
  eden space 250368K, 0% used [0x00000000d5580000,0x00000000d5580000,0x00000000e4a00000)
  from space 21504K, 0% used [0x00000000e4a00000,0x00000000e4a00000,0x00000000e5f00000)
  to   space 16384K, 0% used [0x00000000e9300000,0x00000000e9300000,0x00000000ea300000)
 ParOldGen       total 337920K, used 21731K [0x0000000080000000, 0x0000000094a00000, 0x00000000d5580000)
  object space 337920K, 6% used [0x0000000080000000,0x0000000081538c60,0x0000000094a00000)
 Metaspace       used 33304K, capacity 35404K, committed 35496K, reserved 1079296K
  class space    used 4890K, capacity 5311K, committed 5376K, reserved 1048576K
}
Event: 4.696 GC heap before
{Heap before GC invocations=8 (full 2):
 PSYoungGen      total 271872K, used 250368K [0x00000000d5580000, 0x00000000ea300000, 0x0000000100000000)
  eden space 250368K, 100% used [0x00000000d5580000,0x00000000e4a00000,0x00000000e4a00000)
  from space 21504K, 0% used [0x00000000e4a00000,0x00000000e4a00000,0x00000000e5f00000)
  to   space 16384K, 0% used [0x00000000e9300000,0x00000000e9300000,0x00000000ea300000)
 ParOldGen       total 337920K, used 21731K [0x0000000080000000, 0x0000000094a00000, 0x00000000d5580000)
  object space 337920K, 6% used [0x0000000080000000,0x0000000081538c60,0x0000000094a00000)
 Metaspace       used 44531K, capacity 47458K, committed 47616K, reserved 1089536K
  class space    used 6262K, capacity 6825K, committed 6912K, reserved 1048576K
Event: 4.704 GC heap after
Heap after GC invocations=8 (full 2):
 PSYoungGen      total 324096K, used 14035K [0x00000000d5580000, 0x00000000ec780000, 0x0000000100000000)
  eden space 307712K, 0% used [0x00000000d5580000,0x00000000d5580000,0x00000000e8200000)
  from space 16384K, 85% used [0x00000000e9300000,0x00000000ea0b4fc0,0x00000000ea300000)
  to   space 17408K, 0% used [0x00000000e8200000,0x00000000e8200000,0x00000000e9300000)
 ParOldGen       total 337920K, used 21739K [0x0000000080000000, 0x0000000094a00000, 0x00000000d5580000)
  object space 337920K, 6% used [0x0000000080000000,0x000000008153ac60,0x0000000094a00000)
 Metaspace       used 44531K, capacity 47458K, committed 47616K, reserved 1089536K
  class space    used 6262K, capacity 6825K, committed 6912K, reserved 1048576K
}
Event: 5.994 GC heap before
{Heap before GC invocations=9 (full 2):
 PSYoungGen      total 324096K, used 270315K [0x00000000d5580000, 0x00000000ec780000, 0x0000000100000000)
  eden space 307712K, 83% used [0x00000000d5580000,0x00000000e4fc5eb0,0x00000000e8200000)
  from space 16384K, 85% used [0x00000000e9300000,0x00000000ea0b4fc0,0x00000000ea300000)
  to   space 17408K, 0% used [0x00000000e8200000,0x00000000e8200000,0x00000000e9300000)
 ParOldGen       total 337920K, used 21739K [0x0000000080000000, 0x0000000094a00000, 0x00000000d5580000)
  object space 337920K, 6% used [0x0000000080000000,0x000000008153ac60,0x0000000094a00000)
 Metaspace       used 55322K, capacity 59078K, committed 59160K, reserved 1099776K
  class space    used 7891K, capacity 8554K, committed 8576K, reserved 1048576K
Event: 6.004 GC heap after
Heap after GC invocations=9 (full 2):
 PSYoungGen      total 325120K, used 17397K [0x00000000d5580000, 0x00000000ec780000, 0x0000000100000000)
  eden space 307712K, 0% used [0x00000000d5580000,0x00000000d5580000,0x00000000e8200000)
  from space 17408K, 99% used [0x00000000e8200000,0x00000000e92fd790,0x00000000e9300000)
  to   space 16384K, 0% used [0x00000000e9300000,0x00000000e9300000,0x00000000ea300000)
 ParOldGen       total 337920K, used 26854K [0x0000000080000000, 0x0000000094a00000, 0x00000000d5580000)
  object space 337920K, 7% used [0x0000000080000000,0x0000000081a39b90,0x0000000094a00000)
 Metaspace       used 55322K, capacity 59078K, committed 59160K, reserved 1099776K
  class space    used 7891K, capacity 8554K, committed 8576K, reserved 1048576K
}
Event: 6.004 GC heap before
{Heap before GC invocations=10 (full 3):
 PSYoungGen      total 325120K, used 17397K [0x00000000d5580000, 0x00000000ec780000, 0x0000000100000000)
  eden space 307712K, 0% used [0x00000000d5580000,0x00000000d5580000,0x00000000e8200000)
  from space 17408K, 99% used [0x00000000e8200000,0x00000000e92fd790,0x00000000e9300000)
  to   space 16384K, 0% used [0x00000000e9300000,0x00000000e9300000,0x00000000ea300000)
 ParOldGen       total 337920K, used 26854K [0x0000000080000000, 0x0000000094a00000, 0x00000000d5580000)
  object space 337920K, 7% used [0x0000000080000000,0x0000000081a39b90,0x0000000094a00000)
 Metaspace       used 55322K, capacity 59078K, committed 59160K, reserved 1099776K
  class space    used 7891K, capacity 8554K, committed 8576K, reserved 1048576K
Event: 6.094 GC heap after
Heap after GC invocations=10 (full 3):
 PSYoungGen      total 325120K, used 0K [0x00000000d5580000, 0x00000000ec780000, 0x0000000100000000)
  eden space 307712K, 0% used [0x00000000d5580000,0x00000000d5580000,0x00000000e8200000)
  from space 17408K, 0% used [0x00000000e8200000,0x00000000e8200000,0x00000000e9300000)
  to   space 16384K, 0% used [0x00000000e9300000,0x00000000e9300000,0x00000000ea300000)
 ParOldGen       total 337920K, used 36508K [0x0000000080000000, 0x0000000094a00000, 0x00000000d5580000)
  object space 337920K, 10% used [0x0000000080000000,0x00000000823a7208,0x0000000094a00000)
 Metaspace       used 55322K, capacity 59078K, committed 59160K, reserved 1099776K
  class space    used 7891K, capacity 8554K, committed 8576K, reserved 1048576K
}

