# JRE version: OpenJDK Runtime Environment Temurin-21.0.8+9 (21.0.8+9) (build 21.0.8+9-LTS)
# Java VM: OpenJDK 64-Bit Server VM Temurin-21.0.8+9 (21.0.8+9-LTS, mixed mode, sharing, tiered, compressed oops, compressed class ptrs, parallel gc, windows-amd64)
GC Precious Log:
 CardTable entry size: 512
 CPUs: 16 total, 16 available
 Memory: 32678M
 Large Page Support: Disabled
 NUMA Support: Disabled
 Compressed Oops: Enabled (32-bit)
 Alignments: Space 512K, Generation 512K, Heap 2M
 Heap Min Capacity: 100M
 Heap Initial Capacity: 100M
 Heap Max Capacity: 2G
 Pre-touch: Disabled
 Parallel Workers: 13
Heap:
 PSYoungGen      total 7680K, used 4812K [0x00000000d5580000, 0x00000000d5f00000, 0x0000000100000000)
  eden space 6144K, 61% used [0x00000000d5580000,0x00000000d5929928,0x00000000d5b80000)
  from space 1536K, 69% used [0x00000000d5d80000,0x00000000d5e89988,0x00000000d5f00000)
  to   space 1536K, 0% used [0x00000000d5c00000,0x00000000d5c00000,0x00000000d5d80000)
 ParOldGen       total 156160K, used 155932K [0x0000000080000000, 0x0000000089880000, 0x00000000d5580000)
  object space 156160K, 99% used [0x0000000080000000,0x00000000898472e8,0x0000000089880000)
 Metaspace       used 54601K, committed 55872K, reserved 1114112K
  class space    used 6368K, committed 6912K, reserved 1048576K
GC Heap History (20 events):
Event: 7.266 GC heap before
{Heap before GC invocations=137 (full 2):
 PSYoungGen      total 7168K, used 7093K [0x00000000d5580000, 0x00000000d5d80000, 0x0000000100000000)
  eden space 6144K, 99% used [0x00000000d5580000,0x00000000d5b7d7c0,0x00000000d5b80000)
  from space 1024K, 93% used [0x00000000d5c80000,0x00000000d5d70000,0x00000000d5d80000)
  to   space 1024K, 0% used [0x00000000d5b80000,0x00000000d5b80000,0x00000000d5c80000)
 ParOldGen       total 145408K, used 145172K [0x0000000080000000, 0x0000000088e00000, 0x00000000d5580000)
  object space 145408K, 99% used [0x0000000080000000,0x0000000088dc52c8,0x0000000088e00000)
 Metaspace       used 54593K, committed 55872K, reserved 1114112K
  class space    used 6367K, committed 6912K, reserved 1048576K
}
Event: 7.267 GC heap after
{Heap after GC invocations=137 (full 2):
 PSYoungGen      total 7168K, used 896K [0x00000000d5580000, 0x00000000d5d80000, 0x0000000100000000)
  eden space 6144K, 0% used [0x00000000d5580000,0x00000000d5580000,0x00000000d5b80000)
  from space 1024K, 87% used [0x00000000d5b80000,0x00000000d5c60000,0x00000000d5c80000)
  to   space 1024K, 0% used [0x00000000d5c80000,0x00000000d5c80000,0x00000000d5d80000)
 ParOldGen       total 145920K, used 145900K [0x0000000080000000, 0x0000000088e80000, 0x00000000d5580000)
  object space 145920K, 99% used [0x0000000080000000,0x0000000088e7b2c8,0x0000000088e80000)
 Metaspace       used 54593K, committed 55872K, reserved 1114112K
  class space    used 6367K, committed 6912K, reserved 1048576K
}
Event: 7.278 GC heap before
{Heap before GC invocations=138 (full 2):
 PSYoungGen      total 7168K, used 7040K [0x00000000d5580000, 0x00000000d5d80000, 0x0000000100000000)
  eden space 6144K, 100% used [0x00000000d5580000,0x00000000d5b80000,0x00000000d5b80000)
  from space 1024K, 87% used [0x00000000d5b80000,0x00000000d5c60000,0x00000000d5c80000)
  to   space 1024K, 0% used [0x00000000d5c80000,0x00000000d5c80000,0x00000000d5d80000)
 ParOldGen       total 145920K, used 145900K [0x0000000080000000, 0x0000000088e80000, 0x00000000d5580000)
  object space 145920K, 99% used [0x0000000080000000,0x0000000088e7b2c8,0x0000000088e80000)
 Metaspace       used 54593K, committed 55872K, reserved 1114112K
  class space    used 6367K, committed 6912K, reserved 1048576K
}
Event: 7.279 GC heap after
{Heap after GC invocations=138 (full 2):
 PSYoungGen      total 7168K, used 944K [0x00000000d5580000, 0x00000000d5d80000, 0x0000000100000000)
  eden space 6144K, 0% used [0x00000000d5580000,0x00000000d5580000,0x00000000d5b80000)
  from space 1024K, 92% used [0x00000000d5c80000,0x00000000d5d6c010,0x00000000d5d80000)
  to   space 1024K, 0% used [0x00000000d5b80000,0x00000000d5b80000,0x00000000d5c80000)
 ParOldGen       total 146944K, used 146628K [0x0000000080000000, 0x0000000088f80000, 0x00000000d5580000)
  object space 146944K, 99% used [0x0000000080000000,0x0000000088f312c8,0x0000000088f80000)
 Metaspace       used 54593K, committed 55872K, reserved 1114112K
  class space    used 6367K, committed 6912K, reserved 1048576K
}
Event: 7.290 GC heap before
{Heap before GC invocations=139 (full 2):
 PSYoungGen      total 7168K, used 7088K [0x00000000d5580000, 0x00000000d5d80000, 0x0000000100000000)
  eden space 6144K, 100% used [0x00000000d5580000,0x00000000d5b80000,0x00000000d5b80000)
  from space 1024K, 92% used [0x00000000d5c80000,0x00000000d5d6c010,0x00000000d5d80000)
  to   space 1024K, 0% used [0x00000000d5b80000,0x00000000d5b80000,0x00000000d5c80000)
 ParOldGen       total 146944K, used 146628K [0x0000000080000000, 0x0000000088f80000, 0x00000000d5580000)
  object space 146944K, 99% used [0x0000000080000000,0x0000000088f312c8,0x0000000088f80000)
 Metaspace       used 54593K, committed 55872K, reserved 1114112K
  class space    used 6367K, committed 6912K, reserved 1048576K
}
Event: 7.291 GC heap after
{Heap after GC invocations=139 (full 2):
 PSYoungGen      total 7168K, used 960K [0x00000000d5580000, 0x00000000d5d80000, 0x0000000100000000)
  eden space 6144K, 0% used [0x00000000d5580000,0x00000000d5580000,0x00000000d5b80000)
  from space 1024K, 93% used [0x00000000d5b80000,0x00000000d5c70000,0x00000000d5c80000)
  to   space 1024K, 0% used [0x00000000d5c80000,0x00000000d5c80000,0x00000000d5d80000)
 ParOldGen       total 147456K, used 147420K [0x0000000080000000, 0x0000000089000000, 0x00000000d5580000)
  object space 147456K, 99% used [0x0000000080000000,0x0000000088ff72c8,0x0000000089000000)
 Metaspace       used 54593K, committed 55872K, reserved 1114112K
  class space    used 6367K, committed 6912K, reserved 1048576K
}
Event: 7.301 GC heap before
{Heap before GC invocations=140 (full 2):
 PSYoungGen      total 7168K, used 7094K [0x00000000d5580000, 0x00000000d5d80000, 0x0000000100000000)
  eden space 6144K, 99% used [0x00000000d5580000,0x00000000d5b7db78,0x00000000d5b80000)
  from space 1024K, 93% used [0x00000000d5b80000,0x00000000d5c70000,0x00000000d5c80000)
  to   space 1024K, 0% used [0x00000000d5c80000,0x00000000d5c80000,0x00000000d5d80000)
 ParOldGen       total 147456K, used 147420K [0x0000000080000000, 0x0000000089000000, 0x00000000d5580000)
  object space 147456K, 99% used [0x0000000080000000,0x0000000088ff72c8,0x0000000089000000)
 Metaspace       used 54593K, committed 55872K, reserved 1114112K
  class space    used 6367K, committed 6912K, reserved 1048576K
}
Event: 7.302 GC heap after
{Heap after GC invocations=140 (full 2):
 PSYoungGen      total 7168K, used 896K [0x00000000d5580000, 0x00000000d5d80000, 0x0000000100000000)
  eden space 6144K, 0% used [0x00000000d5580000,0x00000000d5580000,0x00000000d5b80000)
  from space 1024K, 87% used [0x00000000d5c80000,0x00000000d5d60000,0x00000000d5d80000)
  to   space 1024K, 0% used [0x00000000d5b80000,0x00000000d5b80000,0x00000000d5c80000)
 ParOldGen       total 148480K, used 148148K [0x0000000080000000, 0x0000000089100000, 0x00000000d5580000)
  object space 148480K, 99% used [0x0000000080000000,0x00000000890ad2c8,0x0000000089100000)
 Metaspace       used 54593K, committed 55872K, reserved 1114112K
  class space    used 6367K, committed 6912K, reserved 1048576K
}
Event: 7.319 GC heap before
{Heap before GC invocations=141 (full 2):
 PSYoungGen      total 7168K, used 7040K [0x00000000d5580000, 0x00000000d5d80000, 0x0000000100000000)
  eden space 6144K, 100% used [0x00000000d5580000,0x00000000d5b80000,0x00000000d5b80000)
  from space 1024K, 87% used [0x00000000d5c80000,0x00000000d5d60000,0x00000000d5d80000)
  to   space 1024K, 0% used [0x00000000d5b80000,0x00000000d5b80000,0x00000000d5c80000)
 ParOldGen       total 148480K, used 148148K [0x0000000080000000, 0x0000000089100000, 0x00000000d5580000)
  object space 148480K, 99% used [0x0000000080000000,0x00000000890ad2c8,0x0000000089100000)
 Metaspace       used 54593K, committed 55872K, reserved 1114112K
  class space    used 6367K, committed 6912K, reserved 1048576K
}
Event: 7.322 GC heap after
{Heap after GC invocations=141 (full 2):
 PSYoungGen      total 7168K, used 1008K [0x00000000d5580000, 0x00000000d5f80000, 0x0000000100000000)
  eden space 6144K, 0% used [0x00000000d5580000,0x00000000d5580000,0x00000000d5b80000)
  from space 1024K, 98% used [0x00000000d5b80000,0x00000000d5c7c010,0x00000000d5c80000)
  to   space 2048K, 0% used [0x00000000d5d80000,0x00000000d5d80000,0x00000000d5f80000)
 ParOldGen       total 149504K, used 149004K [0x0000000080000000, 0x0000000089200000, 0x00000000d5580000)
  object space 149504K, 99% used [0x0000000080000000,0x00000000891832c8,0x0000000089200000)
 Metaspace       used 54593K, committed 55872K, reserved 1114112K
  class space    used 6367K, committed 6912K, reserved 1048576K
}
Event: 7.342 GC heap before
{Heap before GC invocations=142 (full 2):
 PSYoungGen      total 7168K, used 7152K [0x00000000d5580000, 0x00000000d5f80000, 0x0000000100000000)
  eden space 6144K, 100% used [0x00000000d5580000,0x00000000d5b80000,0x00000000d5b80000)
  from space 1024K, 98% used [0x00000000d5b80000,0x00000000d5c7c010,0x00000000d5c80000)
  to   space 2048K, 0% used [0x00000000d5d80000,0x00000000d5d80000,0x00000000d5f80000)
 ParOldGen       total 149504K, used 149004K [0x0000000080000000, 0x0000000089200000, 0x00000000d5580000)
  object space 149504K, 99% used [0x0000000080000000,0x00000000891832c8,0x0000000089200000)
 Metaspace       used 54598K, committed 55872K, reserved 1114112K
  class space    used 6367K, committed 6912K, reserved 1048576K
}
Event: 7.343 GC heap after
{Heap after GC invocations=142 (full 2):
 PSYoungGen      total 7168K, used 960K [0x00000000d5580000, 0x00000000d5e80000, 0x0000000100000000)
  eden space 6144K, 0% used [0x00000000d5580000,0x00000000d5580000,0x00000000d5b80000)
  from space 1024K, 93% used [0x00000000d5d80000,0x00000000d5e70000,0x00000000d5e80000)
  to   space 1536K, 0% used [0x00000000d5b80000,0x00000000d5b80000,0x00000000d5d00000)
 ParOldGen       total 150528K, used 150036K [0x0000000080000000, 0x0000000089300000, 0x00000000d5580000)
  object space 150528K, 99% used [0x0000000080000000,0x00000000892852d8,0x0000000089300000)
 Metaspace       used 54598K, committed 55872K, reserved 1114112K
  class space    used 6367K, committed 6912K, reserved 1048576K
}
Event: 7.364 GC heap before
{Heap before GC invocations=143 (full 2):
 PSYoungGen      total 7168K, used 7104K [0x00000000d5580000, 0x00000000d5e80000, 0x0000000100000000)
  eden space 6144K, 100% used [0x00000000d5580000,0x00000000d5b80000,0x00000000d5b80000)
  from space 1024K, 93% used [0x00000000d5d80000,0x00000000d5e70000,0x00000000d5e80000)
  to   space 1536K, 0% used [0x00000000d5b80000,0x00000000d5b80000,0x00000000d5d00000)
 ParOldGen       total 150528K, used 150036K [0x0000000080000000, 0x0000000089300000, 0x00000000d5580000)
  object space 150528K, 99% used [0x0000000080000000,0x00000000892852d8,0x0000000089300000)
 Metaspace       used 54601K, committed 55872K, reserved 1114112K
  class space    used 6368K, committed 6912K, reserved 1048576K
}
Event: 7.366 GC heap after
{Heap after GC invocations=143 (full 2):
 PSYoungGen      total 7680K, used 864K [0x00000000d5580000, 0x00000000d5e00000, 0x0000000100000000)
  eden space 6144K, 0% used [0x00000000d5580000,0x00000000d5580000,0x00000000d5b80000)
  from space 1536K, 56% used [0x00000000d5b80000,0x00000000d5c58000,0x00000000d5d00000)
  to   space 1024K, 0% used [0x00000000d5d00000,0x00000000d5d00000,0x00000000d5e00000)
 ParOldGen       total 151040K, used 150780K [0x0000000080000000, 0x0000000089380000, 0x00000000d5580000)
  object space 151040K, 99% used [0x0000000080000000,0x000000008933f2d8,0x0000000089380000)
 Metaspace       used 54601K, committed 55872K, reserved 1114112K
  class space    used 6368K, committed 6912K, reserved 1048576K
}
Event: 7.381 GC heap before
{Heap before GC invocations=144 (full 2):
 PSYoungGen      total 7680K, used 7002K [0x00000000d5580000, 0x00000000d5e00000, 0x0000000100000000)
  eden space 6144K, 99% used [0x00000000d5580000,0x00000000d5b7eb70,0x00000000d5b80000)
  from space 1536K, 56% used [0x00000000d5b80000,0x00000000d5c58000,0x00000000d5d00000)
  to   space 1024K, 0% used [0x00000000d5d00000,0x00000000d5d00000,0x00000000d5e00000)
 ParOldGen       total 151040K, used 150780K [0x0000000080000000, 0x0000000089380000, 0x00000000d5580000)
  object space 151040K, 99% used [0x0000000080000000,0x000000008933f2d8,0x0000000089380000)
 Metaspace       used 54601K, committed 55872K, reserved 1114112K
  class space    used 6368K, committed 6912K, reserved 1048576K
}
Event: 7.382 GC heap after
{Heap after GC invocations=144 (full 2):
 PSYoungGen      total 7168K, used 864K [0x00000000d5580000, 0x00000000d5e00000, 0x0000000100000000)
  eden space 6144K, 0% used [0x00000000d5580000,0x00000000d5580000,0x00000000d5b80000)
  from space 1024K, 84% used [0x00000000d5d00000,0x00000000d5dd8000,0x00000000d5e00000)
  to   space 1024K, 0% used [0x00000000d5c00000,0x00000000d5c00000,0x00000000d5d00000)
 ParOldGen       total 151552K, used 151524K [0x0000000080000000, 0x0000000089400000, 0x00000000d5580000)
  object space 151552K, 99% used [0x0000000080000000,0x00000000893f92e8,0x0000000089400000)
 Metaspace       used 54601K, committed 55872K, reserved 1114112K
  class space    used 6368K, committed 6912K, reserved 1048576K
}
Event: 7.395 GC heap before
{Heap before GC invocations=145 (full 2):
 PSYoungGen      total 7168K, used 7008K [0x00000000d5580000, 0x00000000d5e00000, 0x0000000100000000)
  eden space 6144K, 100% used [0x00000000d5580000,0x00000000d5b80000,0x00000000d5b80000)
  from space 1024K, 84% used [0x00000000d5d00000,0x00000000d5dd8000,0x00000000d5e00000)
  to   space 1024K, 0% used [0x00000000d5c00000,0x00000000d5c00000,0x00000000d5d00000)
 ParOldGen       total 151552K, used 151524K [0x0000000080000000, 0x0000000089400000, 0x00000000d5580000)
  object space 151552K, 99% used [0x0000000080000000,0x00000000893f92e8,0x0000000089400000)
 Metaspace       used 54601K, committed 55872K, reserved 1114112K
  class space    used 6368K, committed 6912K, reserved 1048576K
}
Event: 7.396 GC heap after
{Heap after GC invocations=145 (full 2):
 PSYoungGen      total 7168K, used 928K [0x00000000d5580000, 0x00000000d5d80000, 0x0000000100000000)
  eden space 6144K, 0% used [0x00000000d5580000,0x00000000d5580000,0x00000000d5b80000)
  from space 1024K, 90% used [0x00000000d5c00000,0x00000000d5ce8000,0x00000000d5d00000)
  to   space 512K, 0% used [0x00000000d5d00000,0x00000000d5d00000,0x00000000d5d80000)
 ParOldGen       total 152576K, used 152252K [0x0000000080000000, 0x0000000089500000, 0x00000000d5580000)
  object space 152576K, 99% used [0x0000000080000000,0x00000000894af2e8,0x0000000089500000)
 Metaspace       used 54601K, committed 55872K, reserved 1114112K
  class space    used 6368K, committed 6912K, reserved 1048576K
}
Event: 7.412 GC heap before
{Heap before GC invocations=146 (full 2):
 PSYoungGen      total 7168K, used 7072K [0x00000000d5580000, 0x00000000d5d80000, 0x0000000100000000)
  eden space 6144K, 100% used [0x00000000d5580000,0x00000000d5b80000,0x00000000d5b80000)
  from space 1024K, 90% used [0x00000000d5c00000,0x00000000d5ce8000,0x00000000d5d00000)
  to   space 512K, 0% used [0x00000000d5d00000,0x00000000d5d00000,0x00000000d5d80000)
 ParOldGen       total 152576K, used 152252K [0x0000000080000000, 0x0000000089500000, 0x00000000d5580000)
  object space 152576K, 99% used [0x0000000080000000,0x00000000894af2e8,0x0000000089500000)
 Metaspace       used 54601K, committed 55872K, reserved 1114112K
  class space    used 6368K, committed 6912K, reserved 1048576K
}
Event: 7.413 GC heap after
{Heap after GC invocations=146 (full 2):
 PSYoungGen      total 6656K, used 512K [0x00000000d5580000, 0x00000000d5e80000, 0x0000000100000000)
  eden space 6144K, 0% used [0x00000000d5580000,0x00000000d5580000,0x00000000d5b80000)
  from space 512K, 100% used [0x00000000d5d00000,0x00000000d5d80000,0x00000000d5d80000)
  to   space 1536K, 0% used [0x00000000d5b80000,0x00000000d5b80000,0x00000000d5d00000)
 ParOldGen       total 153600K, used 153180K [0x0000000080000000, 0x0000000089600000, 0x00000000d5580000)
  object space 153600K, 99% used [0x0000000080000000,0x00000000895972e8,0x0000000089600000)
 Metaspace       used 54601K, committed 55872K, reserved 1114112K
  class space    used 6368K, committed 6912K, reserved 1048576K
}

