# JRE version: OpenJDK Runtime Environment Temurin-21.0.8+9 (21.0.8+9) (build 21.0.8+9-LTS)
# Java VM: OpenJDK 64-Bit Server VM Temurin-21.0.8+9 (21.0.8+9-LTS, mixed mode, sharing, tiered, compressed oops, compressed class ptrs, parallel gc, windows-amd64)
GC Precious Log:
 CardTable entry size: 512
 CPUs: 16 total, 16 available
 Memory: 32678M
 Large Page Support: Disabled
 NUMA Support: Disabled
 Compressed Oops: Enabled (32-bit)
 Alignments: Space 512K, Generation 512K, Heap 2M
 Heap Min Capacity: 100M
 Heap Initial Capacity: 100M
 Heap Max Capacity: 2G
 Pre-touch: Disabled
 Parallel Workers: 13
Heap:
 PSYoungGen      total 3584K, used 1750K [0x00000000d5580000, 0x00000000d5b00000, 0x0000000100000000)
  eden space 3072K, 42% used [0x00000000d5580000,0x00000000d56c6610,0x00000000d5880000)
  from space 512K, 86% used [0x00000000d5a00000,0x00000000d5a6f5c0,0x00000000d5a80000)
  to   space 512K, 0% used [0x00000000d5a80000,0x00000000d5a80000,0x00000000d5b00000)
 ParOldGen       total 306176K, used 305701K [0x0000000080000000, 0x0000000092b00000, 0x00000000d5580000)
  object space 306176K, 99% used [0x0000000080000000,0x0000000092a894d8,0x0000000092b00000)
 Metaspace       used 72205K, committed 73664K, reserved 1114112K
  class space    used 8929K, committed 9536K, reserved 1048576K
GC Heap History (20 events):
Event: 60.811 GC heap before
{Heap before GC invocations=629 (full 3):
 PSYoungGen      total 3584K, used 3488K [0x00000000d5580000, 0x00000000d5b00000, 0x0000000100000000)
  eden space 3072K, 100% used [0x00000000d5580000,0x00000000d5880000,0x00000000d5880000)
  from space 512K, 81% used [0x00000000d5a00000,0x00000000d5a68000,0x00000000d5a80000)
  to   space 512K, 0% used [0x00000000d5a80000,0x00000000d5a80000,0x00000000d5b00000)
 ParOldGen       total 304640K, used 304203K [0x0000000080000000, 0x0000000092980000, 0x00000000d5580000)
  object space 304640K, 99% used [0x0000000080000000,0x0000000092912fc0,0x0000000092980000)
 Metaspace       used 72080K, committed 73472K, reserved 1114112K
  class space    used 8925K, committed 9536K, reserved 1048576K
}
Event: 60.812 GC heap after
{Heap after GC invocations=629 (full 3):
 PSYoungGen      total 3584K, used 448K [0x00000000d5580000, 0x00000000d5b00000, 0x0000000100000000)
  eden space 3072K, 0% used [0x00000000d5580000,0x00000000d5580000,0x00000000d5880000)
  from space 512K, 87% used [0x00000000d5a80000,0x00000000d5af0000,0x00000000d5b00000)
  to   space 512K, 0% used [0x00000000d5a00000,0x00000000d5a00000,0x00000000d5a80000)
 ParOldGen       total 304640K, used 304419K [0x0000000080000000, 0x0000000092980000, 0x00000000d5580000)
  object space 304640K, 99% used [0x0000000080000000,0x0000000092948fc0,0x0000000092980000)
 Metaspace       used 72080K, committed 73472K, reserved 1114112K
  class space    used 8925K, committed 9536K, reserved 1048576K
}
Event: 60.891 GC heap before
{Heap before GC invocations=630 (full 3):
 PSYoungGen      total 3584K, used 3520K [0x00000000d5580000, 0x00000000d5b00000, 0x0000000100000000)
  eden space 3072K, 100% used [0x00000000d5580000,0x00000000d5880000,0x00000000d5880000)
  from space 512K, 87% used [0x00000000d5a80000,0x00000000d5af0000,0x00000000d5b00000)
  to   space 512K, 0% used [0x00000000d5a00000,0x00000000d5a00000,0x00000000d5a80000)
 ParOldGen       total 304640K, used 304419K [0x0000000080000000, 0x0000000092980000, 0x00000000d5580000)
  object space 304640K, 99% used [0x0000000080000000,0x0000000092948fc0,0x0000000092980000)
 Metaspace       used 72085K, committed 73472K, reserved 1114112K
  class space    used 8925K, committed 9536K, reserved 1048576K
}
Event: 60.892 GC heap after
{Heap after GC invocations=630 (full 3):
 PSYoungGen      total 3584K, used 470K [0x00000000d5580000, 0x00000000d5b00000, 0x0000000100000000)
  eden space 3072K, 0% used [0x00000000d5580000,0x00000000d5580000,0x00000000d5880000)
  from space 512K, 91% used [0x00000000d5a00000,0x00000000d5a75ba8,0x00000000d5a80000)
  to   space 512K, 0% used [0x00000000d5a80000,0x00000000d5a80000,0x00000000d5b00000)
 ParOldGen       total 304640K, used 304627K [0x0000000080000000, 0x0000000092980000, 0x00000000d5580000)
  object space 304640K, 99% used [0x0000000080000000,0x000000009297cfc0,0x0000000092980000)
 Metaspace       used 72085K, committed 73472K, reserved 1114112K
  class space    used 8925K, committed 9536K, reserved 1048576K
}
Event: 60.942 GC heap before
{Heap before GC invocations=631 (full 3):
 PSYoungGen      total 3584K, used 3542K [0x00000000d5580000, 0x00000000d5b00000, 0x0000000100000000)
  eden space 3072K, 100% used [0x00000000d5580000,0x00000000d5880000,0x00000000d5880000)
  from space 512K, 91% used [0x00000000d5a00000,0x00000000d5a75ba8,0x00000000d5a80000)
  to   space 512K, 0% used [0x00000000d5a80000,0x00000000d5a80000,0x00000000d5b00000)
 ParOldGen       total 304640K, used 304627K [0x0000000080000000, 0x0000000092980000, 0x00000000d5580000)
  object space 304640K, 99% used [0x0000000080000000,0x000000009297cfc0,0x0000000092980000)
 Metaspace       used 72085K, committed 73472K, reserved 1114112K
  class space    used 8925K, committed 9536K, reserved 1048576K
}
Event: 60.943 GC heap after
{Heap after GC invocations=631 (full 3):
 PSYoungGen      total 3584K, used 320K [0x00000000d5580000, 0x00000000d5b00000, 0x0000000100000000)
  eden space 3072K, 0% used [0x00000000d5580000,0x00000000d5580000,0x00000000d5880000)
  from space 512K, 62% used [0x00000000d5a80000,0x00000000d5ad0000,0x00000000d5b00000)
  to   space 512K, 0% used [0x00000000d5a00000,0x00000000d5a00000,0x00000000d5a80000)
 ParOldGen       total 305152K, used 304898K [0x0000000080000000, 0x0000000092a00000, 0x00000000d5580000)
  object space 305152K, 99% used [0x0000000080000000,0x00000000929c0b68,0x0000000092a00000)
 Metaspace       used 72085K, committed 73472K, reserved 1114112K
  class space    used 8925K, committed 9536K, reserved 1048576K
}
Event: 61.012 GC heap before
{Heap before GC invocations=632 (full 3):
 PSYoungGen      total 3584K, used 3392K [0x00000000d5580000, 0x00000000d5b00000, 0x0000000100000000)
  eden space 3072K, 100% used [0x00000000d5580000,0x00000000d5880000,0x00000000d5880000)
  from space 512K, 62% used [0x00000000d5a80000,0x00000000d5ad0000,0x00000000d5b00000)
  to   space 512K, 0% used [0x00000000d5a00000,0x00000000d5a00000,0x00000000d5a80000)
 ParOldGen       total 305152K, used 304898K [0x0000000080000000, 0x0000000092a00000, 0x00000000d5580000)
  object space 305152K, 99% used [0x0000000080000000,0x00000000929c0b68,0x0000000092a00000)
 Metaspace       used 72085K, committed 73472K, reserved 1114112K
  class space    used 8925K, committed 9536K, reserved 1048576K
}
Event: 61.013 GC heap after
{Heap after GC invocations=632 (full 3):
 PSYoungGen      total 3584K, used 352K [0x00000000d5580000, 0x00000000d5b00000, 0x0000000100000000)
  eden space 3072K, 0% used [0x00000000d5580000,0x00000000d5580000,0x00000000d5880000)
  from space 512K, 68% used [0x00000000d5a00000,0x00000000d5a58000,0x00000000d5a80000)
  to   space 512K, 0% used [0x00000000d5a80000,0x00000000d5a80000,0x00000000d5b00000)
 ParOldGen       total 305152K, used 305042K [0x0000000080000000, 0x0000000092a00000, 0x00000000d5580000)
  object space 305152K, 99% used [0x0000000080000000,0x00000000929e4b68,0x0000000092a00000)
 Metaspace       used 72085K, committed 73472K, reserved 1114112K
  class space    used 8925K, committed 9536K, reserved 1048576K
}
Event: 61.099 GC heap before
{Heap before GC invocations=633 (full 3):
 PSYoungGen      total 3584K, used 3424K [0x00000000d5580000, 0x00000000d5b00000, 0x0000000100000000)
  eden space 3072K, 100% used [0x00000000d5580000,0x00000000d5880000,0x00000000d5880000)
  from space 512K, 68% used [0x00000000d5a00000,0x00000000d5a58000,0x00000000d5a80000)
  to   space 512K, 0% used [0x00000000d5a80000,0x00000000d5a80000,0x00000000d5b00000)
 ParOldGen       total 305152K, used 305042K [0x0000000080000000, 0x0000000092a00000, 0x00000000d5580000)
  object space 305152K, 99% used [0x0000000080000000,0x00000000929e4b68,0x0000000092a00000)
 Metaspace       used 72085K, committed 73472K, reserved 1114112K
  class space    used 8925K, committed 9536K, reserved 1048576K
}
Event: 61.100 GC heap after
{Heap after GC invocations=633 (full 3):
 PSYoungGen      total 3584K, used 384K [0x00000000d5580000, 0x00000000d5b00000, 0x0000000100000000)
  eden space 3072K, 0% used [0x00000000d5580000,0x00000000d5580000,0x00000000d5880000)
  from space 512K, 75% used [0x00000000d5a80000,0x00000000d5ae0000,0x00000000d5b00000)
  to   space 512K, 0% used [0x00000000d5a00000,0x00000000d5a00000,0x00000000d5a80000)
 ParOldGen       total 305664K, used 305266K [0x0000000080000000, 0x0000000092a80000, 0x00000000d5580000)
  object space 305664K, 99% used [0x0000000080000000,0x0000000092a1cb68,0x0000000092a80000)
 Metaspace       used 72085K, committed 73472K, reserved 1114112K
  class space    used 8925K, committed 9536K, reserved 1048576K
}
Event: 61.164 GC heap before
{Heap before GC invocations=634 (full 3):
 PSYoungGen      total 3584K, used 3456K [0x00000000d5580000, 0x00000000d5b00000, 0x0000000100000000)
  eden space 3072K, 100% used [0x00000000d5580000,0x00000000d5880000,0x00000000d5880000)
  from space 512K, 75% used [0x00000000d5a80000,0x00000000d5ae0000,0x00000000d5b00000)
  to   space 512K, 0% used [0x00000000d5a00000,0x00000000d5a00000,0x00000000d5a80000)
 ParOldGen       total 305664K, used 305266K [0x0000000080000000, 0x0000000092a80000, 0x00000000d5580000)
  object space 305664K, 99% used [0x0000000080000000,0x0000000092a1cb68,0x0000000092a80000)
 Metaspace       used 72085K, committed 73472K, reserved 1114112K
  class space    used 8925K, committed 9536K, reserved 1048576K
}
Event: 61.165 GC heap after
{Heap after GC invocations=634 (full 3):
 PSYoungGen      total 3584K, used 384K [0x00000000d5580000, 0x00000000d5b00000, 0x0000000100000000)
  eden space 3072K, 0% used [0x00000000d5580000,0x00000000d5580000,0x00000000d5880000)
  from space 512K, 75% used [0x00000000d5a00000,0x00000000d5a60000,0x00000000d5a80000)
  to   space 512K, 0% used [0x00000000d5a80000,0x00000000d5a80000,0x00000000d5b00000)
 ParOldGen       total 305664K, used 305498K [0x0000000080000000, 0x0000000092a80000, 0x00000000d5580000)
  object space 305664K, 99% used [0x0000000080000000,0x0000000092a56b68,0x0000000092a80000)
 Metaspace       used 72085K, committed 73472K, reserved 1114112K
  class space    used 8925K, committed 9536K, reserved 1048576K
}
Event: 61.238 GC heap before
{Heap before GC invocations=635 (full 3):
 PSYoungGen      total 3584K, used 3456K [0x00000000d5580000, 0x00000000d5b00000, 0x0000000100000000)
  eden space 3072K, 100% used [0x00000000d5580000,0x00000000d5880000,0x00000000d5880000)
  from space 512K, 75% used [0x00000000d5a00000,0x00000000d5a60000,0x00000000d5a80000)
  to   space 512K, 0% used [0x00000000d5a80000,0x00000000d5a80000,0x00000000d5b00000)
 ParOldGen       total 305664K, used 305498K [0x0000000080000000, 0x0000000092a80000, 0x00000000d5580000)
  object space 305664K, 99% used [0x0000000080000000,0x0000000092a56b68,0x0000000092a80000)
 Metaspace       used 72085K, committed 73472K, reserved 1114112K
  class space    used 8925K, committed 9536K, reserved 1048576K
}
Event: 61.239 GC heap after
{Heap after GC invocations=635 (full 3):
 PSYoungGen      total 3584K, used 466K [0x00000000d5580000, 0x00000000d5b00000, 0x0000000100000000)
  eden space 3072K, 0% used [0x00000000d5580000,0x00000000d5580000,0x00000000d5880000)
  from space 512K, 91% used [0x00000000d5a80000,0x00000000d5af4970,0x00000000d5b00000)
  to   space 512K, 0% used [0x00000000d5a00000,0x00000000d5a00000,0x00000000d5a80000)
 ParOldGen       total 305664K, used 305498K [0x0000000080000000, 0x0000000092a80000, 0x00000000d5580000)
  object space 305664K, 99% used [0x0000000080000000,0x0000000092a56b68,0x0000000092a80000)
 Metaspace       used 72085K, committed 73472K, reserved 1114112K
  class space    used 8925K, committed 9536K, reserved 1048576K
}
Event: 61.309 GC heap before
{Heap before GC invocations=636 (full 3):
 PSYoungGen      total 3584K, used 3538K [0x00000000d5580000, 0x00000000d5b00000, 0x0000000100000000)
  eden space 3072K, 100% used [0x00000000d5580000,0x00000000d5880000,0x00000000d5880000)
  from space 512K, 91% used [0x00000000d5a80000,0x00000000d5af4970,0x00000000d5b00000)
  to   space 512K, 0% used [0x00000000d5a00000,0x00000000d5a00000,0x00000000d5a80000)
 ParOldGen       total 305664K, used 305498K [0x0000000080000000, 0x0000000092a80000, 0x00000000d5580000)
  object space 305664K, 99% used [0x0000000080000000,0x0000000092a56b68,0x0000000092a80000)
 Metaspace       used 72085K, committed 73472K, reserved 1114112K
  class space    used 8925K, committed 9536K, reserved 1048576K
}
Event: 61.309 GC heap after
{Heap after GC invocations=636 (full 3):
 PSYoungGen      total 3584K, used 320K [0x00000000d5580000, 0x00000000d5b00000, 0x0000000100000000)
  eden space 3072K, 0% used [0x00000000d5580000,0x00000000d5580000,0x00000000d5880000)
  from space 512K, 62% used [0x00000000d5a00000,0x00000000d5a50000,0x00000000d5a80000)
  to   space 512K, 0% used [0x00000000d5a80000,0x00000000d5a80000,0x00000000d5b00000)
 ParOldGen       total 305664K, used 305581K [0x0000000080000000, 0x0000000092a80000, 0x00000000d5580000)
  object space 305664K, 99% used [0x0000000080000000,0x0000000092a6b4d8,0x0000000092a80000)
 Metaspace       used 72085K, committed 73472K, reserved 1114112K
  class space    used 8925K, committed 9536K, reserved 1048576K
}
Event: 61.358 GC heap before
{Heap before GC invocations=637 (full 3):
 PSYoungGen      total 3584K, used 3392K [0x00000000d5580000, 0x00000000d5b00000, 0x0000000100000000)
  eden space 3072K, 100% used [0x00000000d5580000,0x00000000d5880000,0x00000000d5880000)
  from space 512K, 62% used [0x00000000d5a00000,0x00000000d5a50000,0x00000000d5a80000)
  to   space 512K, 0% used [0x00000000d5a80000,0x00000000d5a80000,0x00000000d5b00000)
 ParOldGen       total 305664K, used 305581K [0x0000000080000000, 0x0000000092a80000, 0x00000000d5580000)
  object space 305664K, 99% used [0x0000000080000000,0x0000000092a6b4d8,0x0000000092a80000)
 Metaspace       used 72130K, committed 73536K, reserved 1114112K
  class space    used 8929K, committed 9536K, reserved 1048576K
}
Event: 61.359 GC heap after
{Heap after GC invocations=637 (full 3):
 PSYoungGen      total 3584K, used 320K [0x00000000d5580000, 0x00000000d5b00000, 0x0000000100000000)
  eden space 3072K, 0% used [0x00000000d5580000,0x00000000d5580000,0x00000000d5880000)
  from space 512K, 62% used [0x00000000d5a80000,0x00000000d5ad0000,0x00000000d5b00000)
  to   space 512K, 0% used [0x00000000d5a00000,0x00000000d5a00000,0x00000000d5a80000)
 ParOldGen       total 305664K, used 305581K [0x0000000080000000, 0x0000000092a80000, 0x00000000d5580000)
  object space 305664K, 99% used [0x0000000080000000,0x0000000092a6b4d8,0x0000000092a80000)
 Metaspace       used 72130K, committed 73536K, reserved 1114112K
  class space    used 8929K, committed 9536K, reserved 1048576K
}
Event: 61.707 GC heap before
{Heap before GC invocations=638 (full 3):
 PSYoungGen      total 3584K, used 3355K [0x00000000d5580000, 0x00000000d5b00000, 0x0000000100000000)
  eden space 3072K, 98% used [0x00000000d5580000,0x00000000d5876e80,0x00000000d5880000)
  from space 512K, 62% used [0x00000000d5a80000,0x00000000d5ad0000,0x00000000d5b00000)
  to   space 512K, 0% used [0x00000000d5a00000,0x00000000d5a00000,0x00000000d5a80000)
 ParOldGen       total 305664K, used 305581K [0x0000000080000000, 0x0000000092a80000, 0x00000000d5580000)
  object space 305664K, 99% used [0x0000000080000000,0x0000000092a6b4d8,0x0000000092a80000)
 Metaspace       used 72181K, committed 73664K, reserved 1114112K
  class space    used 8929K, committed 9536K, reserved 1048576K
}
Event: 61.708 GC heap after
{Heap after GC invocations=638 (full 3):
 PSYoungGen      total 3584K, used 445K [0x00000000d5580000, 0x00000000d5b00000, 0x0000000100000000)
  eden space 3072K, 0% used [0x00000000d5580000,0x00000000d5580000,0x00000000d5880000)
  from space 512K, 86% used [0x00000000d5a00000,0x00000000d5a6f5c0,0x00000000d5a80000)
  to   space 512K, 0% used [0x00000000d5a80000,0x00000000d5a80000,0x00000000d5b00000)
 ParOldGen       total 306176K, used 305701K [0x0000000080000000, 0x0000000092b00000, 0x00000000d5580000)
  object space 306176K, 99% used [0x0000000080000000,0x0000000092a894d8,0x0000000092b00000)
 Metaspace       used 72181K, committed 73664K, reserved 1114112K
  class space    used 8929K, committed 9536K, reserved 1048576K
}

