# JRE version: OpenJDK Runtime Environment Temurin-21.0.8+9 (21.0.8+9) (build 21.0.8+9-LTS)
# Java VM: OpenJDK 64-Bit Server VM Temurin-21.0.8+9 (21.0.8+9-LTS, mixed mode, sharing, tiered, compressed oops, compressed class ptrs, parallel gc, windows-amd64)
GC Precious Log:
 CardTable entry size: 512
 CPUs: 16 total, 16 available
 Memory: 32678M
 Large Page Support: Disabled
 NUMA Support: Disabled
 Compressed Oops: Enabled (32-bit)
 Alignments: Space 512K, Generation 512K, Heap 2M
 Heap Min Capacity: 100M
 Heap Initial Capacity: 100M
 Heap Max Capacity: 2G
 Pre-touch: Disabled
 Parallel Workers: 13
Heap:
 PSYoungGen      total 1536K, used 662K [0x00000000d5580000, 0x00000000d5800000, 0x0000000100000000)
  eden space 1024K, 30% used [0x00000000d5580000,0x00000000d55cda20,0x00000000d5680000)
  from space 512K, 68% used [0x00000000d5780000,0x00000000d57d8000,0x00000000d5800000)
  to   space 512K, 0% used [0x00000000d5700000,0x00000000d5700000,0x00000000d5780000)
 ParOldGen       total 269824K, used 95073K [0x0000000080000000, 0x0000000090780000, 0x00000000d5580000)
  object space 269824K, 35% used [0x0000000080000000,0x0000000085cd85a8,0x0000000090780000)
 Metaspace       used 70204K, committed 71680K, reserved 1114112K
  class space    used 8708K, committed 9408K, reserved 1048576K
GC Heap History (20 events):
Event: 19.818 GC heap before
{Heap before GC invocations=735 (full 3):
 PSYoungGen      total 1536K, used 1376K [0x00000000d5580000, 0x00000000d5800000, 0x0000000100000000)
  eden space 1024K, 100% used [0x00000000d5580000,0x00000000d5680000,0x00000000d5680000)
  from space 512K, 68% used [0x00000000d5700000,0x00000000d5758000,0x00000000d5780000)
  to   space 512K, 0% used [0x00000000d5780000,0x00000000d5780000,0x00000000d5800000)
 ParOldGen       total 269824K, used 90885K [0x0000000080000000, 0x0000000090780000, 0x00000000d5580000)
  object space 269824K, 33% used [0x0000000080000000,0x00000000858c1598,0x0000000090780000)
 Metaspace       used 67877K, committed 69312K, reserved 1114112K
  class space    used 8406K, committed 9024K, reserved 1048576K
}
Event: 19.819 GC heap after
{Heap after GC invocations=735 (full 3):
 PSYoungGen      total 1536K, used 384K [0x00000000d5580000, 0x00000000d5800000, 0x0000000100000000)
  eden space 1024K, 0% used [0x00000000d5580000,0x00000000d5580000,0x00000000d5680000)
  from space 512K, 75% used [0x00000000d5780000,0x00000000d57e0000,0x00000000d5800000)
  to   space 512K, 0% used [0x00000000d5700000,0x00000000d5700000,0x00000000d5780000)
 ParOldGen       total 269824K, used 90989K [0x0000000080000000, 0x0000000090780000, 0x00000000d5580000)
  object space 269824K, 33% used [0x0000000080000000,0x00000000858db598,0x0000000090780000)
 Metaspace       used 67877K, committed 69312K, reserved 1114112K
  class space    used 8406K, committed 9024K, reserved 1048576K
}
Event: 19.826 GC heap before
{Heap before GC invocations=736 (full 3):
 PSYoungGen      total 1536K, used 1408K [0x00000000d5580000, 0x00000000d5800000, 0x0000000100000000)
  eden space 1024K, 100% used [0x00000000d5580000,0x00000000d5680000,0x00000000d5680000)
  from space 512K, 75% used [0x00000000d5780000,0x00000000d57e0000,0x00000000d5800000)
  to   space 512K, 0% used [0x00000000d5700000,0x00000000d5700000,0x00000000d5780000)
 ParOldGen       total 269824K, used 90989K [0x0000000080000000, 0x0000000090780000, 0x00000000d5580000)
  object space 269824K, 33% used [0x0000000080000000,0x00000000858db598,0x0000000090780000)
 Metaspace       used 68123K, committed 69504K, reserved 1114112K
  class space    used 8436K, committed 9024K, reserved 1048576K
}
Event: 19.826 GC heap after
{Heap after GC invocations=736 (full 3):
 PSYoungGen      total 1536K, used 384K [0x00000000d5580000, 0x00000000d5800000, 0x0000000100000000)
  eden space 1024K, 0% used [0x00000000d5580000,0x00000000d5580000,0x00000000d5680000)
  from space 512K, 75% used [0x00000000d5700000,0x00000000d5760000,0x00000000d5780000)
  to   space 512K, 0% used [0x00000000d5780000,0x00000000d5780000,0x00000000d5800000)
 ParOldGen       total 269824K, used 91053K [0x0000000080000000, 0x0000000090780000, 0x00000000d5580000)
  object space 269824K, 33% used [0x0000000080000000,0x00000000858eb598,0x0000000090780000)
 Metaspace       used 68123K, committed 69504K, reserved 1114112K
  class space    used 8436K, committed 9024K, reserved 1048576K
}
Event: 19.834 GC heap before
{Heap before GC invocations=737 (full 3):
 PSYoungGen      total 1536K, used 1408K [0x00000000d5580000, 0x00000000d5800000, 0x0000000100000000)
  eden space 1024K, 100% used [0x00000000d5580000,0x00000000d5680000,0x00000000d5680000)
  from space 512K, 75% used [0x00000000d5700000,0x00000000d5760000,0x00000000d5780000)
  to   space 512K, 0% used [0x00000000d5780000,0x00000000d5780000,0x00000000d5800000)
 ParOldGen       total 269824K, used 91053K [0x0000000080000000, 0x0000000090780000, 0x00000000d5580000)
  object space 269824K, 33% used [0x0000000080000000,0x00000000858eb598,0x0000000090780000)
 Metaspace       used 68355K, committed 69824K, reserved 1114112K
  class space    used 8466K, committed 9152K, reserved 1048576K
}
Event: 19.834 GC heap after
{Heap after GC invocations=737 (full 3):
 PSYoungGen      total 1536K, used 416K [0x00000000d5580000, 0x00000000d5800000, 0x0000000100000000)
  eden space 1024K, 0% used [0x00000000d5580000,0x00000000d5580000,0x00000000d5680000)
  from space 512K, 81% used [0x00000000d5780000,0x00000000d57e8000,0x00000000d5800000)
  to   space 512K, 0% used [0x00000000d5700000,0x00000000d5700000,0x00000000d5780000)
 ParOldGen       total 269824K, used 91157K [0x0000000080000000, 0x0000000090780000, 0x00000000d5580000)
  object space 269824K, 33% used [0x0000000080000000,0x0000000085905598,0x0000000090780000)
 Metaspace       used 68355K, committed 69824K, reserved 1114112K
  class space    used 8466K, committed 9152K, reserved 1048576K
}
Event: 19.880 GC heap before
{Heap before GC invocations=738 (full 3):
 PSYoungGen      total 1536K, used 1371K [0x00000000d5580000, 0x00000000d5800000, 0x0000000100000000)
  eden space 1024K, 93% used [0x00000000d5580000,0x00000000d566efc0,0x00000000d5680000)
  from space 512K, 81% used [0x00000000d5780000,0x00000000d57e8000,0x00000000d5800000)
  to   space 512K, 0% used [0x00000000d5700000,0x00000000d5700000,0x00000000d5780000)
 ParOldGen       total 269824K, used 91157K [0x0000000080000000, 0x0000000090780000, 0x00000000d5580000)
  object space 269824K, 33% used [0x0000000080000000,0x0000000085905598,0x0000000090780000)
 Metaspace       used 68442K, committed 69888K, reserved 1114112K
  class space    used 8478K, committed 9152K, reserved 1048576K
}
Event: 19.881 GC heap after
{Heap after GC invocations=738 (full 3):
 PSYoungGen      total 1536K, used 506K [0x00000000d5580000, 0x00000000d5880000, 0x0000000100000000)
  eden space 1024K, 0% used [0x00000000d5580000,0x00000000d5580000,0x00000000d5680000)
  from space 512K, 98% used [0x00000000d5700000,0x00000000d577eb58,0x00000000d5780000)
  to   space 1024K, 0% used [0x00000000d5780000,0x00000000d5780000,0x00000000d5880000)
 ParOldGen       total 269824K, used 91272K [0x0000000080000000, 0x0000000090780000, 0x00000000d5580000)
  object space 269824K, 33% used [0x0000000080000000,0x0000000085922358,0x0000000090780000)
 Metaspace       used 68442K, committed 69888K, reserved 1114112K
  class space    used 8478K, committed 9152K, reserved 1048576K
}
Event: 19.890 GC heap before
{Heap before GC invocations=739 (full 3):
 PSYoungGen      total 1536K, used 1530K [0x00000000d5580000, 0x00000000d5880000, 0x0000000100000000)
  eden space 1024K, 100% used [0x00000000d5580000,0x00000000d5680000,0x00000000d5680000)
  from space 512K, 98% used [0x00000000d5700000,0x00000000d577eb58,0x00000000d5780000)
  to   space 1024K, 0% used [0x00000000d5780000,0x00000000d5780000,0x00000000d5880000)
 ParOldGen       total 269824K, used 91272K [0x0000000080000000, 0x0000000090780000, 0x00000000d5580000)
  object space 269824K, 33% used [0x0000000080000000,0x0000000085922358,0x0000000090780000)
 Metaspace       used 68580K, committed 70016K, reserved 1114112K
  class space    used 8493K, committed 9152K, reserved 1048576K
}
Event: 19.890 GC heap after
{Heap after GC invocations=739 (full 3):
 PSYoungGen      total 2048K, used 460K [0x00000000d5580000, 0x00000000d5880000, 0x0000000100000000)
  eden space 1024K, 0% used [0x00000000d5580000,0x00000000d5580000,0x00000000d5680000)
  from space 1024K, 45% used [0x00000000d5780000,0x00000000d57f3358,0x00000000d5880000)
  to   space 1024K, 0% used [0x00000000d5680000,0x00000000d5680000,0x00000000d5780000)
 ParOldGen       total 269824K, used 91404K [0x0000000080000000, 0x0000000090780000, 0x00000000d5580000)
  object space 269824K, 33% used [0x0000000080000000,0x0000000085943108,0x0000000090780000)
 Metaspace       used 68580K, committed 70016K, reserved 1114112K
  class space    used 8493K, committed 9152K, reserved 1048576K
}
Event: 19.894 GC heap before
{Heap before GC invocations=740 (full 3):
 PSYoungGen      total 2048K, used 1484K [0x00000000d5580000, 0x00000000d5880000, 0x0000000100000000)
  eden space 1024K, 100% used [0x00000000d5580000,0x00000000d5680000,0x00000000d5680000)
  from space 1024K, 45% used [0x00000000d5780000,0x00000000d57f3358,0x00000000d5880000)
  to   space 1024K, 0% used [0x00000000d5680000,0x00000000d5680000,0x00000000d5780000)
 ParOldGen       total 269824K, used 91404K [0x0000000080000000, 0x0000000090780000, 0x00000000d5580000)
  object space 269824K, 33% used [0x0000000080000000,0x0000000085943108,0x0000000090780000)
 Metaspace       used 68746K, committed 70208K, reserved 1114112K
  class space    used 8523K, committed 9216K, reserved 1048576K
}
Event: 19.895 GC heap after
{Heap after GC invocations=740 (full 3):
 PSYoungGen      total 2048K, used 384K [0x00000000d5580000, 0x00000000d5800000, 0x0000000100000000)
  eden space 1024K, 0% used [0x00000000d5580000,0x00000000d5580000,0x00000000d5680000)
  from space 1024K, 37% used [0x00000000d5680000,0x00000000d56e0000,0x00000000d5780000)
  to   space 512K, 0% used [0x00000000d5780000,0x00000000d5780000,0x00000000d5800000)
 ParOldGen       total 269824K, used 91661K [0x0000000080000000, 0x0000000090780000, 0x00000000d5580000)
  object space 269824K, 33% used [0x0000000080000000,0x0000000085983588,0x0000000090780000)
 Metaspace       used 68746K, committed 70208K, reserved 1114112K
  class space    used 8523K, committed 9216K, reserved 1048576K
}
Event: 19.898 GC heap before
{Heap before GC invocations=741 (full 3):
 PSYoungGen      total 2048K, used 1408K [0x00000000d5580000, 0x00000000d5800000, 0x0000000100000000)
  eden space 1024K, 100% used [0x00000000d5580000,0x00000000d5680000,0x00000000d5680000)
  from space 1024K, 37% used [0x00000000d5680000,0x00000000d56e0000,0x00000000d5780000)
  to   space 512K, 0% used [0x00000000d5780000,0x00000000d5780000,0x00000000d5800000)
 ParOldGen       total 269824K, used 91661K [0x0000000080000000, 0x0000000090780000, 0x00000000d5580000)
  object space 269824K, 33% used [0x0000000080000000,0x0000000085983588,0x0000000090780000)
 Metaspace       used 68891K, committed 70336K, reserved 1114112K
  class space    used 8551K, committed 9216K, reserved 1048576K
}
Event: 19.899 GC heap after
{Heap after GC invocations=741 (full 3):
 PSYoungGen      total 1536K, used 288K [0x00000000d5580000, 0x00000000d5800000, 0x0000000100000000)
  eden space 1024K, 0% used [0x00000000d5580000,0x00000000d5580000,0x00000000d5680000)
  from space 512K, 56% used [0x00000000d5780000,0x00000000d57c8000,0x00000000d5800000)
  to   space 512K, 0% used [0x00000000d5700000,0x00000000d5700000,0x00000000d5780000)
 ParOldGen       total 269824K, used 91741K [0x0000000080000000, 0x0000000090780000, 0x00000000d5580000)
  object space 269824K, 34% used [0x0000000080000000,0x0000000085997588,0x0000000090780000)
 Metaspace       used 68891K, committed 70336K, reserved 1114112K
  class space    used 8551K, committed 9216K, reserved 1048576K
}
Event: 19.904 GC heap before
{Heap before GC invocations=742 (full 3):
 PSYoungGen      total 1536K, used 1312K [0x00000000d5580000, 0x00000000d5800000, 0x0000000100000000)
  eden space 1024K, 100% used [0x00000000d5580000,0x00000000d5680000,0x00000000d5680000)
  from space 512K, 56% used [0x00000000d5780000,0x00000000d57c8000,0x00000000d5800000)
  to   space 512K, 0% used [0x00000000d5700000,0x00000000d5700000,0x00000000d5780000)
 ParOldGen       total 269824K, used 91741K [0x0000000080000000, 0x0000000090780000, 0x00000000d5580000)
  object space 269824K, 34% used [0x0000000080000000,0x0000000085997588,0x0000000090780000)
 Metaspace       used 69072K, committed 70464K, reserved 1114112K
  class space    used 8581K, committed 9216K, reserved 1048576K
}
Event: 19.905 GC heap after
{Heap after GC invocations=742 (full 3):
 PSYoungGen      total 1536K, used 320K [0x00000000d5580000, 0x00000000d5800000, 0x0000000100000000)
  eden space 1024K, 0% used [0x00000000d5580000,0x00000000d5580000,0x00000000d5680000)
  from space 512K, 62% used [0x00000000d5700000,0x00000000d5750000,0x00000000d5780000)
  to   space 512K, 0% used [0x00000000d5780000,0x00000000d5780000,0x00000000d5800000)
 ParOldGen       total 269824K, used 91805K [0x0000000080000000, 0x0000000090780000, 0x00000000d5580000)
  object space 269824K, 34% used [0x0000000080000000,0x00000000859a7588,0x0000000090780000)
 Metaspace       used 69072K, committed 70464K, reserved 1114112K
  class space    used 8581K, committed 9216K, reserved 1048576K
}
Event: 19.915 GC heap before
{Heap before GC invocations=743 (full 3):
 PSYoungGen      total 1536K, used 1339K [0x00000000d5580000, 0x00000000d5800000, 0x0000000100000000)
  eden space 1024K, 99% used [0x00000000d5580000,0x00000000d567efe8,0x00000000d5680000)
  from space 512K, 62% used [0x00000000d5700000,0x00000000d5750000,0x00000000d5780000)
  to   space 512K, 0% used [0x00000000d5780000,0x00000000d5780000,0x00000000d5800000)
 ParOldGen       total 269824K, used 91805K [0x0000000080000000, 0x0000000090780000, 0x00000000d5580000)
  object space 269824K, 34% used [0x0000000080000000,0x00000000859a7588,0x0000000090780000)
 Metaspace       used 69308K, committed 70656K, reserved 1114112K
  class space    used 8612K, committed 9216K, reserved 1048576K
}
Event: 19.916 GC heap after
{Heap after GC invocations=743 (full 3):
 PSYoungGen      total 1536K, used 288K [0x00000000d5580000, 0x00000000d5800000, 0x0000000100000000)
  eden space 1024K, 0% used [0x00000000d5580000,0x00000000d5580000,0x00000000d5680000)
  from space 512K, 56% used [0x00000000d5780000,0x00000000d57c8000,0x00000000d5800000)
  to   space 512K, 0% used [0x00000000d5700000,0x00000000d5700000,0x00000000d5780000)
 ParOldGen       total 269824K, used 91885K [0x0000000080000000, 0x0000000090780000, 0x00000000d5580000)
  object space 269824K, 34% used [0x0000000080000000,0x00000000859bb588,0x0000000090780000)
 Metaspace       used 69308K, committed 70656K, reserved 1114112K
  class space    used 8612K, committed 9216K, reserved 1048576K
}
Event: 19.954 GC heap before
{Heap before GC invocations=744 (full 3):
 PSYoungGen      total 1536K, used 1312K [0x00000000d5580000, 0x00000000d5800000, 0x0000000100000000)
  eden space 1024K, 100% used [0x00000000d5580000,0x00000000d5680000,0x00000000d5680000)
  from space 512K, 56% used [0x00000000d5780000,0x00000000d57c8000,0x00000000d5800000)
  to   space 512K, 0% used [0x00000000d5700000,0x00000000d5700000,0x00000000d5780000)
 ParOldGen       total 269824K, used 91885K [0x0000000080000000, 0x0000000090780000, 0x00000000d5580000)
  object space 269824K, 34% used [0x0000000080000000,0x00000000859bb588,0x0000000090780000)
 Metaspace       used 69413K, committed 70784K, reserved 1114112K
  class space    used 8622K, committed 9216K, reserved 1048576K
}
Event: 19.954 GC heap after
{Heap after GC invocations=744 (full 3):
 PSYoungGen      total 1536K, used 384K [0x00000000d5580000, 0x00000000d5800000, 0x0000000100000000)
  eden space 1024K, 0% used [0x00000000d5580000,0x00000000d5580000,0x00000000d5680000)
  from space 512K, 75% used [0x00000000d5700000,0x00000000d5760000,0x00000000d5780000)
  to   space 512K, 0% used [0x00000000d5780000,0x00000000d5780000,0x00000000d5800000)
 ParOldGen       total 269824K, used 91981K [0x0000000080000000, 0x0000000090780000, 0x00000000d5580000)
  object space 269824K, 34% used [0x0000000080000000,0x00000000859d3588,0x0000000090780000)
 Metaspace       used 69413K, committed 70784K, reserved 1114112K
  class space    used 8622K, committed 9216K, reserved 1048576K
}

